<?xml version="1.0" encoding="UTF-8"?>
<testsuite xmlns:xsi="http://www.w3.org/2001/XMLSchema-instance" xsi:noNamespaceSchemaLocation="https://maven.apache.org/surefire/maven-surefire-plugin/xsd/surefire-test-report-3.0.xsd" version="3.0" name="com.klu.ApplicationTests" time="23.074" tests="1" errors="0" skipped="0" failures="0">
  <properties>
[...]
</properties>
  <testcase name="contextLoads" classname="com.klu.ApplicationTests" time="5.744">
    <system-out><![CDATA[18:06:03.579 [main] INFO org.springframework.test.context.support.AnnotationConfigContextLoaderUtils -- Could not detect default configuration classes for test class [com.klu.ApplicationTests]: ApplicationTests does not declare any static, non-private, non-final, nested classes annotated with @Configuration.
18:06:04.603 [main] INFO org.springframework.boot.test.context.SpringBootTestContextBootstrapper -- Found @SpringBootConfiguration com.klu.Application for test class com.klu.ApplicationTests

  .   ____          _            __ _ _
 /\\ / ___'_ __ _ _(_)_ __  __ _ \ \ \ \
( ( )\___ | '_ | '_| | '_ \/ _` | \ \ \ \
 \\/  ___)| |_)| | | | | || (_| |  ) ) ) )
  '  |____| .__|_| |_|_| |_\__, | / / / /
 =========|_|==============|___/=/_/_/_/

 :: Spring Boot ::                (v3.3.5)

2024-11-20T18:06:09.143+05:30  INFO 11540 --- [2-BasicSpringApplication] [           main] com.klu.ApplicationTests                 : Starting ApplicationTests using Java 21.0.4 with PID 11540 (started by Admin in C:\files\springboot\spring-tool-suite-4-4.26.0.RELEASE-e4.33.0-win32.win32.x86_64\2-BasicSpringApplication)
2024-11-20T18:06:09.149+05:30  INFO 11540 --- [2-BasicSpringApplication] [           main] com.klu.ApplicationTests                 : No active profile set, falling back to 1 default profile: "default"
2024-11-20T18:06:19.310+05:30  INFO 11540 --- [2-BasicSpringApplication] [           main] com.klu.ApplicationTests                 : Started ApplicationTests in 12.394 seconds (process running for 22.232)
]]></system-out>
    <system-err><![CDATA[WARNING: A Java agent has been loaded dynamically (C:\Users\Admin\.m2\repository\net\bytebuddy\byte-buddy-agent\1.14.19\byte-buddy-agent-1.14.19.jar)
WARNING: If a serviceability tool is in use, please run with -XX:+EnableDynamicAgentLoading to hide this warning
WARNING: If a serviceability tool is not in use, please run with -Djdk.instrument.traceUsage for more information
WARNING: Dynamic loading of agents will be disallowed by default in a future release
]]></system-err>
  </testcase>
</testsuite>